<?xml version="1.0" encoding="UTF-8"?>
<testsuite name="com.imwkdrh.springbasic.SpringbasicApplicationTests" tests="1" skipped="0" failures="0" errors="0" timestamp="2024-08-30T07:31:52" hostname="DESKTOP-QRFHFBJ" time="0.328">
  <properties/>
  <testcase name="contextLoads()" classname="com.imwkdrh.springbasic.SpringbasicApplicationTests" time="0.328"/>
  <system-out><![CDATA[16:31:47.999 [Test worker] INFO org.springframework.test.context.support.AnnotationConfigContextLoaderUtils -- Could not detect default configuration classes for test class [com.imwkdrh.springbasic.SpringbasicApplicationTests]: SpringbasicApplicationTests does not declare any static, non-private, non-final, nested classes annotated with @Configuration.
16:31:48.070 [Test worker] INFO org.springframework.boot.test.context.SpringBootTestContextBootstrapper -- Found @SpringBootConfiguration com.imwkdrh.springbasic.SpringbasicApplication for test class com.imwkdrh.springbasic.SpringbasicApplicationTests

  .   ____          _            __ _ _
 /\\ / ___'_ __ _ _(_)_ __  __ _ \ \ \ \
( ( )\___ | '_ | '_| | '_ \/ _` | \ \ \ \
 \\/  ___)| |_)| | | | | || (_| |  ) ) ) )
  '  |____| .__|_| |_|_| |_\__, | / / / /
 =========|_|==============|___/=/_/_/_/

 :: Spring Boot ::                (v3.3.2)

2024-08-30T16:31:48.348+09:00  INFO 13728 --- [springbasic] [    Test worker] c.i.s.SpringbasicApplicationTests        : Starting SpringbasicApplicationTests using Java 17.0.12 with PID 13728 (started by user in C:\Users\user\Documents\ERP_imwkdrh\springbasic)
2024-08-30T16:31:48.349+09:00  INFO 13728 --- [springbasic] [    Test worker] c.i.s.SpringbasicApplicationTests        : No active profile set, falling back to 1 default profile: "default"
2024-08-30T16:31:48.917+09:00  INFO 13728 --- [springbasic] [    Test worker] .s.d.r.c.RepositoryConfigurationDelegate : Bootstrapping Spring Data JPA repositories in DEFAULT mode.
2024-08-30T16:31:48.968+09:00  INFO 13728 --- [springbasic] [    Test worker] .s.d.r.c.RepositoryConfigurationDelegate : Finished Spring Data repository scanning in 44 ms. Found 2 JPA repository interfaces.
2024-08-30T16:31:49.385+09:00  INFO 13728 --- [springbasic] [    Test worker] com.zaxxer.hikari.HikariDataSource       : HikariPool-1 - Starting...
2024-08-30T16:31:49.669+09:00  INFO 13728 --- [springbasic] [    Test worker] com.zaxxer.hikari.pool.HikariPool        : HikariPool-1 - Added connection com.mysql.cj.jdbc.ConnectionImpl@6b25ef1c
2024-08-30T16:31:49.671+09:00  INFO 13728 --- [springbasic] [    Test worker] com.zaxxer.hikari.HikariDataSource       : HikariPool-1 - Start completed.
2024-08-30T16:31:49.705+09:00  INFO 13728 --- [springbasic] [    Test worker] o.hibernate.jpa.internal.util.LogHelper  : HHH000204: Processing PersistenceUnitInfo [name: default]
2024-08-30T16:31:49.745+09:00  INFO 13728 --- [springbasic] [    Test worker] org.hibernate.Version                    : HHH000412: Hibernate ORM core version 6.5.2.Final
2024-08-30T16:31:49.782+09:00  INFO 13728 --- [springbasic] [    Test worker] o.h.c.internal.RegionFactoryInitiator    : HHH000026: Second-level cache disabled
2024-08-30T16:31:50.069+09:00  INFO 13728 --- [springbasic] [    Test worker] o.s.o.j.p.SpringPersistenceUnitInfo      : No LoadTimeWeaver setup: ignoring JPA class transformer
2024-08-30T16:31:50.717+09:00  INFO 13728 --- [springbasic] [    Test worker] o.h.e.t.j.p.i.JtaPlatformInitiator       : HHH000489: No JTA platform available (set 'hibernate.transaction.jta.platform' to enable JTA platform integration)
2024-08-30T16:31:50.719+09:00  INFO 13728 --- [springbasic] [    Test worker] j.LocalContainerEntityManagerFactoryBean : Initialized JPA EntityManagerFactory for persistence unit 'default'
2024-08-30T16:31:51.021+09:00  INFO 13728 --- [springbasic] [    Test worker] o.s.d.j.r.query.QueryEnhancerFactory     : Hibernate is in classpath; If applicable, HQL parser will be used.
2024-08-30T16:31:51.517+09:00  WARN 13728 --- [springbasic] [    Test worker] JpaBaseConfiguration$JpaWebConfiguration : spring.jpa.open-in-view is enabled by default. Therefore, database queries may be performed during view rendering. Explicitly configure spring.jpa.open-in-view to disable this warning
2024-08-30T16:31:51.889+09:00  WARN 13728 --- [springbasic] [    Test worker] .s.s.UserDetailsServiceAutoConfiguration : 

Using generated security password: c5996972-8e78-41db-9408-dc66265d4ef0

This generated password is for development use only. Your security configuration must be updated before running your application in production.

2024-08-30T16:31:51.909+09:00  INFO 13728 --- [springbasic] [    Test worker] r$InitializeUserDetailsManagerConfigurer : Global AuthenticationManager configured with UserDetailsService bean with name inMemoryUserDetailsManager
2024-08-30T16:31:52.109+09:00  INFO 13728 --- [springbasic] [    Test worker] c.i.s.SpringbasicApplicationTests        : Started SpringbasicApplicationTests in 3.92 seconds (process running for 4.691)
]]></system-out>
  <system-err><![CDATA[]]></system-err>
</testsuite>
